<?xml version="1.0" encoding="UTF-8"?>
<!-- Generated by org.testng.reporters.JUnitReportReporter -->
<testsuite hostname="INTERIA" failures="0" tests="1" name="DemoTesting.TestProperties" time="5.656" errors="0" timestamp="2024-11-19T15:21:44 IST" skipped="0">
  <testcase classname="DemoTesting.TestProperties" name="startTest" time="5.656"/>
</testsuite> <!-- DemoTesting.TestProperties -->
