<?xml version="1.0" encoding="UTF-8"?>
<!-- Generated by org.testng.reporters.JUnitReportReporter -->
<testsuite hostname="INTERIA" failures="0" tests="1" name="DriverFactory.DriverScript_Widgets" time="16.313" errors="0" timestamp="2024-11-20T11:09:47 IST" skipped="0">
  <testcase classname="DriverFactory.DriverScript_Widgets" name="kickStartWidgets" time="16.313">
    <system-out>
      <![CDATA[xpath is Diplayed]]>
    </system-out>
  </testcase> <!-- kickStartWidgets -->
  <system-out>
    <![CDATA[xpath is Diplayed]]>
  </system-out>
</testsuite> <!-- DriverFactory.DriverScript_Widgets -->
