<?xml version="1.0" encoding="UTF-8"?>
<!-- Generated by org.testng.reporters.JUnitReportReporter -->
<testsuite hostname="INTERIA" failures="0" tests="2" name="DriverFactory.AppTest" time="98.984" errors="0" timestamp="2024-11-24T11:29:46 IST" skipped="0">
  <testcase classname="DriverFactory.AppTest" name="interActions" time="72.796"/>
  <testcase classname="DriverFactory.AppTest" name="widgets" time="26.188">
    <system-out>
      <![CDATA[xpath is Diplayed]]>
    </system-out>
  </testcase> <!-- widgets -->
  <system-out>
    <![CDATA[xpath is Diplayed]]>
  </system-out>
</testsuite> <!-- DriverFactory.AppTest -->
