<?xml version="1.0" encoding="UTF-8"?>
<!-- Generated by org.testng.reporters.JUnitReportReporter -->
<testsuite hostname="INTERIA" failures="0" tests="2" name="DriverFactory.AppTest" time="42.256" errors="0" timestamp="2024-11-22T16:37:56 IST" skipped="1">
  <testcase classname="DriverFactory.AppTest" name="widgets" time="42.256">
    <system-out>
      <![CDATA[xpath is Diplayed]]>
    </system-out>
  </testcase> <!-- widgets -->
  <testcase classname="DriverFactory.AppTest" name="interActions">
    <skipped/>
  </testcase> <!-- interActions -->
  <system-out>
    <![CDATA[xpath is Diplayed]]>
  </system-out>
</testsuite> <!-- DriverFactory.AppTest -->
