<?xml version="1.0" encoding="UTF-8"?>
<!-- Generated by org.testng.reporters.JUnitReportReporter -->
<testsuite hostname="INTERIA" failures="0" tests="1" name="DriverFactory.DriverScript_InterActions" time="59.017" errors="0" timestamp="2024-11-20T11:27:21 IST" skipped="0">
  <testcase classname="DriverFactory.DriverScript_InterActions" name="kickStartInteractions" time="59.017"/>
</testsuite> <!-- DriverFactory.DriverScript_InterActions -->
