<?xml version="1.0" encoding="UTF-8"?>
<!-- Generated by org.testng.reporters.JUnitReportReporter -->
<testsuite hostname="INTERIA" failures="0" tests="1" name="DriverFactory.DriverScript" time="19.098" errors="0" timestamp="2024-11-19T19:45:46 IST" skipped="0">
  <testcase classname="DriverFactory.DriverScript" name="kickStart" time="19.098"/>
</testsuite> <!-- DriverFactory.DriverScript -->
