<?xml version="1.0" encoding="UTF-8"?>
<!-- Generated by org.testng.reporters.JUnitReportReporter -->
<testsuite hostname="DESKTOP-05KTQHD" failures="0" tests="2" name="DriverFactory.AppTest" time="77.683" errors="0" timestamp="2024-11-27T18:20:38 IST" skipped="1">
  <testcase classname="DriverFactory.AppTest" name="widgets" time="77.683">
    <system-out>
      <![CDATA[xpath is Diplayed
xpath is not valid
id is Diplayed
xpath is not valid
xpath is Diplayed
xpath is not valid]]>
    </system-out>
  </testcase> <!-- widgets -->
  <testcase classname="DriverFactory.AppTest" name="interActions">
    <skipped/>
  </testcase> <!-- interActions -->
  <system-out>
    <![CDATA[xpath is Diplayed
xpath is not valid
id is Diplayed
xpath is not valid
xpath is Diplayed
xpath is not valid]]>
  </system-out>
</testsuite> <!-- DriverFactory.AppTest -->
