<?xml version="1.0" encoding="UTF-8"?>
<!-- Generated by org.testng.reporters.JUnitReportReporter -->
<testsuite hostname="DESKTOP-05KTQHD" failures="0" tests="2" name="DriverFactory.AppTest" time="64.129" errors="0" timestamp="2024-11-25T10:47:07 IST" skipped="0">
  <testcase classname="DriverFactory.AppTest" name="interActions" time="45.223"/>
  <testcase classname="DriverFactory.AppTest" name="widgets" time="18.906">
    <system-out>
      <![CDATA[xpath is Diplayed
xpath is not valid]]>
    </system-out>
  </testcase> <!-- widgets -->
  <system-out>
    <![CDATA[xpath is Diplayed
xpath is not valid]]>
  </system-out>
</testsuite> <!-- DriverFactory.AppTest -->
